<?xml version="1.0" encoding="UTF-8"?>
<!-- Generated by org.testng.reporters.JUnitReportReporter -->
<testsuite hostname="DESKTOP-DL3I60O" failures="0" tests="1" name="sample.NewTest" time="8.547" errors="0" timestamp="2025-04-30T20:16:24 IST" skipped="0">
  <testcase classname="sample.NewTest" name="f" time="8.547"/>
</testsuite> <!-- sample.NewTest -->
