<?xml version="1.0" encoding="UTF-8"?>
<!-- Generated by org.testng.reporters.JUnitReportReporter -->
<testsuite hostname="DESKTOP-DL3I60O" failures="0" tests="1" name="sample.NewTest" time="11.228" errors="0" timestamp="2025-04-30T15:52:23 IST" skipped="0">
  <testcase classname="sample.NewTest" name="f" time="11.228"/>
</testsuite> <!-- sample.NewTest -->
