<?xml version="1.0" encoding="UTF-8"?>
<!-- Generated by org.testng.reporters.JUnitReportReporter -->
<testsuite hostname="DESKTOP-DL3I60O" failures="0" tests="1" name="com.Coverfox_test.CoverFoxUsingTestNG" time="11.779" errors="0" timestamp="2025-05-10T15:08:57 IST" skipped="0">
  <testcase classname="com.Coverfox_test.CoverFoxUsingTestNG" name="ValidateCoverfoxplan" time="11.779"/>
  <system-out>
    <![CDATA[getting planNumber from Text
Plan Number are Matching TC is Passed
Taking screenshot, saved at: C:\Users\shind\eclipse-workspace\morning24\Screenshot\CoverFoxTest.png]]>
  </system-out>
</testsuite> <!-- com.Coverfox_test.CoverFoxUsingTestNG -->
