<?xml version="1.0" encoding="UTF-8"?>
<!-- Generated by org.testng.reporters.JUnitReportReporter -->
<testsuite hostname="DESKTOP-DL3I60O" failures="0" tests="1" name="com.Coverfox_test.CoverFoxUsingTestNG" time="9.979" errors="0" timestamp="2025-05-23T22:17:19 IST" skipped="0">
  <testcase classname="com.Coverfox_test.CoverFoxUsingTestNG" name="ValidateCoverfoxplan" time="9.979">
    <system-out>
      <![CDATA[getting planNumber from Text
Plan Number are Matching TC is Passed
Taking screenshot, saved at: C:\Users\shind\eclipse-workspace\morning24\Screenshot\CoverFoxTest.png
Test ValidateCoverfoxplan is success]]>
    </system-out>
  </testcase> <!-- ValidateCoverfoxplan -->
  <system-out>
    <![CDATA[Opening Browser,launching url
clicking on gender
clicking on next of health plan page 
reading data from excel
handling age dropdown 
clicking on next button of memberdetailspage
reading data from excel
enter pincode on address details page
reading data from excel
click on mobile number on address details page 
clicking on nextbutton on address details page 
getting planNumber from Text
Plan Number are Matching TC is Passed
Taking screenshot, saved at: C:\Users\shind\eclipse-workspace\morning24\Screenshot\CoverFoxTest.png
Test ValidateCoverfoxplan is success
Closing the Browser]]>
  </system-out>
</testsuite> <!-- com.Coverfox_test.CoverFoxUsingTestNG -->
